#
# There is insufficient memory for the Java Runtime Environment to continue.
# Native memory allocation (malloc) failed to allocate 1841616 bytes for Chunk::new
# Possible reasons:
#   The system is out of physical RAM or swap space
#   The process is running with CompressedOops enabled, and the Java Heap may be blocking the growth of the native heap
# Possible solutions:
#   Reduce memory load on the system
#   Increase physical memory or swap space
#   Check if swap backing store is full
#   Decrease Java heap size (-Xmx/-Xms)
#   Decrease number of Java threads
#   Decrease Java thread stack sizes (-Xss)
#   Set larger code cache with -XX:ReservedCodeCacheSize=
#   JVM is running with Zero Based Compressed Oops mode in which the Java heap is
#     placed in the first 32GB address space. The Java Heap base address is the
#     maximum limit for the native heap growth. Please use -XX:HeapBaseMinAddress
#     to set the Java Heap base and to place the Java Heap above 32GB virtual address.
# This output file may be truncated or incomplete.
#
#  Out of Memory Error (allocation.cpp:389), pid=28908, tid=0x0000000000003c74
#
# JRE version: Java(TM) SE Runtime Environment (8.0_251-b08) (build 1.8.0_251-b08)
# Java VM: Java HotSpot(TM) 64-Bit Server VM (25.251-b08 mixed mode windows-amd64 compressed oops)
# Failed to write core dump. Minidumps are not enabled by default on client versions of Windows
#

---------------  T H R E A D  ---------------

Current thread (0x000000001e830000):  JavaThread "C2 CompilerThread1" daemon [_thread_in_native, id=15476, stack(0x000000001f1d0000,0x000000001f2d0000)]

Stack: [0x000000001f1d0000,0x000000001f2d0000]
[error occurred during error reporting (printing stack bounds), id 0xc0000005]

Native frames: (J=compiled Java code, j=interpreted, Vv=VM code, C=native code)


Current CompileTask:
C2:   4148 3395   !   4       com.sun.beans.TypeResolver::resolve (274 bytes)


---------------  P R O C E S S  ---------------

Java Threads: ( => current thread )
  0x000000001e8cf000 JavaThread "Service Thread" daemon [_thread_blocked, id=19428, stack(0x000000001f4d0000,0x000000001f5d0000)]
  0x000000001e843800 JavaThread "C1 CompilerThread3" daemon [_thread_blocked, id=10412, stack(0x000000001f3d0000,0x000000001f4d0000)]
  0x000000001e834000 JavaThread "C2 CompilerThread2" daemon [_thread_in_native, id=11996, stack(0x000000001f2d0000,0x000000001f3d0000)]
=>0x000000001e830000 JavaThread "C2 CompilerThread1" daemon [_thread_in_native, id=15476, stack(0x000000001f1d0000,0x000000001f2d0000)]
  0x000000001e82c800 JavaThread "C2 CompilerThread0" daemon [_thread_in_native, id=2812, stack(0x000000001f0d0000,0x000000001f1d0000)]
  0x000000001e829800 JavaThread "Monitor Ctrl-Break" daemon [_thread_in_native, id=25424, stack(0x000000001efd0000,0x000000001f0d0000)]
  0x000000001e7ae000 JavaThread "Attach Listener" daemon [_thread_blocked, id=28700, stack(0x000000001eed0000,0x000000001efd0000)]
  0x000000001e808800 JavaThread "Signal Dispatcher" daemon [_thread_blocked, id=18564, stack(0x000000001edd0000,0x000000001eed0000)]
  0x000000001c9b4000 JavaThread "Finalizer" daemon [_thread_blocked, id=13000, stack(0x000000001ec70000,0x000000001ed70000)]
  0x000000001e790800 JavaThread "Reference Handler" daemon [_thread_blocked, id=28832, stack(0x000000001eb70000,0x000000001ec70000)]
  0x0000000002cd2000 JavaThread "main" [_thread_in_native, id=27968, stack(0x0000000002ba0000,0x0000000002ca0000)]

Other Threads:
  0x000000001c9a6800 VMThread [stack: 0x000000001e670000,0x000000001e770000] [id=23388]
  0x000000001ea19000 WatcherThread [stack: 0x000000001f5d0000,0x000000001f6d0000] [id=13360]

VM state:not at safepoint (normal execution)

VM Mutex/Monitor currently owned by a thread: None

heap address: 0x00000006c1e00000, size: 4066 MB, Compressed Oops mode: Zero based, Oop shift amount: 3
Narrow klass base: 0x0000000000000000, Narrow klass shift: 3
Compressed class space size: 1073741824 Address: 0x00000007c0000000

Heap:
 PSYoungGen      total 204800K, used 55586K [0x000000076b500000, 0x0000000778c80000, 0x00000007c0000000)
  eden space 194048K, 24% used [0x000000076b500000,0x000000076e2a2430,0x0000000777280000)
  from space 10752K, 82% used [0x0000000778200000,0x0000000778aa6430,0x0000000778c80000)
  to   space 13312K, 0% used [0x0000000777280000,0x0000000777280000,0x0000000777f80000)
 ParOldGen       total 133632K, used 17127K [0x00000006c1e00000, 0x00000006ca080000, 0x000000076b500000)
  object space 133632K, 12% used [0x00000006c1e00000,0x00000006c2eb9d10,0x00000006ca080000)
 Metaspace       used 40405K, capacity 43260K, committed 43520K, reserved 1087488K
  class space    used 5510K, capacity 6028K, committed 6144K, reserved 1048576K

Card table byte_map: [0x0000000012310000,0x0000000012b10000] byte_map_base: 0x000000000ed01000

Marking Bits: (ParMarkBitMap*) 0x000000005712af90
 Begin Bits: [0x0000000013860000, 0x00000000177e8000)
 End Bits:   [0x00000000177e8000, 0x000000001b770000)

Polling page: 0x0000000002810000

CodeCache: size=245760Kb used=13157Kb max_used=13162Kb free=232602Kb
 bounds [0x0000000002f50000, 0x0000000003c40000, 0x0000000011f50000]
 total_blobs=3972 nmethods=3520 adapters=364
 compilation: enabled

Compilation events (10 events):
Event: 4.083 Thread 0x000000001e843800 3522       3       sun.misc.ProxyGenerator$PrimitiveTypeInfo::get (13 bytes)
Event: 4.083 Thread 0x000000001e843800 nmethod 3522 0x0000000003c18790 code [0x0000000003c18900, 0x0000000003c18c08]
Event: 4.083 Thread 0x000000001e843800 3520       3       sun.misc.ProxyGenerator::computeUniqueCatchList (163 bytes)
Event: 4.084 Thread 0x000000001e843800 nmethod 3520 0x0000000003c1da10 code [0x0000000003c1dd60, 0x0000000003c1fba8]
Event: 4.084 Thread 0x000000001e843800 3523       3       sun.misc.ProxyGenerator$FieldInfo::write (50 bytes)
Event: 4.085 Thread 0x000000001e843800 nmethod 3523 0x0000000003c2afd0 code [0x0000000003c2b260, 0x0000000003c2c418]
Event: 4.086 Thread 0x000000001e834000 nmethod 3518% 0x0000000003c2fd10 code [0x0000000003c2fe80, 0x0000000003c30378]
Event: 4.086 Thread 0x000000001e834000 3516       4       java.lang.Class::privateGetMethodRecursive (130 bytes)
Event: 4.144 Thread 0x000000001e843800 3527  s    3       java.util.Vector::elementAt (48 bytes)
Event: 4.144 Thread 0x000000001e843800 nmethod 3527 0x0000000003c2e990 code [0x0000000003c2eba0, 0x0000000003c2f768]

GC Heap History (10 events):
Event: 1.724 GC heap before
{Heap before GC invocations=4 (full 1):
 PSYoungGen      total 76288K, used 5454K [0x000000076b500000, 0x0000000774a00000, 0x00000007c0000000)
  eden space 65536K, 0% used [0x000000076b500000,0x000000076b500000,0x000000076f500000)
  from space 10752K, 50% used [0x000000076f500000,0x000000076fa539a8,0x000000076ff80000)
  to   space 10752K, 0% used [0x0000000773f80000,0x0000000773f80000,0x0000000774a00000)
 ParOldGen       total 175104K, used 40K [0x00000006c1e00000, 0x00000006cc900000, 0x000000076b500000)
  object space 175104K, 0% used [0x00000006c1e00000,0x00000006c1e0a000,0x00000006cc900000)
 Metaspace       used 19927K, capacity 21222K, committed 21248K, reserved 1067008K
  class space    used 2559K, capacity 2811K, committed 2816K, reserved 1048576K
Event: 1.748 GC heap after
Heap after GC invocations=4 (full 1):
 PSYoungGen      total 76288K, used 0K [0x000000076b500000, 0x0000000774a00000, 0x00000007c0000000)
  eden space 65536K, 0% used [0x000000076b500000,0x000000076b500000,0x000000076f500000)
  from space 10752K, 0% used [0x000000076f500000,0x000000076f500000,0x000000076ff80000)
  to   space 10752K, 0% used [0x0000000773f80000,0x0000000773f80000,0x0000000774a00000)
 ParOldGen       total 85504K, used 5315K [0x00000006c1e00000, 0x00000006c7180000, 0x000000076b500000)
  object space 85504K, 6% used [0x00000006c1e00000,0x00000006c2330f68,0x00000006c7180000)
 Metaspace       used 19927K, capacity 21222K, committed 21248K, reserved 1067008K
  class space    used 2559K, capacity 2811K, committed 2816K, reserved 1048576K
}
Event: 2.161 GC heap before
{Heap before GC invocations=5 (full 1):
 PSYoungGen      total 76288K, used 65536K [0x000000076b500000, 0x0000000774a00000, 0x00000007c0000000)
  eden space 65536K, 100% used [0x000000076b500000,0x000000076f500000,0x000000076f500000)
  from space 10752K, 0% used [0x000000076f500000,0x000000076f500000,0x000000076ff80000)
  to   space 10752K, 0% used [0x0000000773f80000,0x0000000773f80000,0x0000000774a00000)
 ParOldGen       total 85504K, used 5315K [0x00000006c1e00000, 0x00000006c7180000, 0x000000076b500000)
  object space 85504K, 6% used [0x00000006c1e00000,0x00000006c2330f68,0x00000006c7180000)
 Metaspace       used 24206K, capacity 25736K, committed 25984K, reserved 1071104K
  class space    used 3126K, capacity 3422K, committed 3456K, reserved 1048576K
Event: 2.166 GC heap after
Heap after GC invocations=5 (full 1):
 PSYoungGen      total 121344K, used 6557K [0x000000076b500000, 0x0000000774600000, 0x00000007c0000000)
  eden space 114688K, 0% used [0x000000076b500000,0x000000076b500000,0x0000000772500000)
  from space 6656K, 98% used [0x0000000773f80000,0x00000007745e76d8,0x0000000774600000)
  to   space 10752K, 0% used [0x0000000773100000,0x0000000773100000,0x0000000773b80000)
 ParOldGen       total 85504K, used 5323K [0x00000006c1e00000, 0x00000006c7180000, 0x000000076b500000)
  object space 85504K, 6% used [0x00000006c1e00000,0x00000006c2332f68,0x00000006c7180000)
 Metaspace       used 24206K, capacity 25736K, committed 25984K, reserved 1071104K
  class space    used 3126K, capacity 3422K, committed 3456K, reserved 1048576K
}
Event: 3.056 GC heap before
{Heap before GC invocations=6 (full 1):
 PSYoungGen      total 121344K, used 120221K [0x000000076b500000, 0x0000000774600000, 0x00000007c0000000)
  eden space 114688K, 99% used [0x000000076b500000,0x0000000772400110,0x0000000772500000)
  from space 6656K, 98% used [0x0000000773f80000,0x00000007745e76d8,0x0000000774600000)
  to   space 10752K, 0% used [0x0000000773100000,0x0000000773100000,0x0000000773b80000)
 ParOldGen       total 85504K, used 5323K [0x00000006c1e00000, 0x00000006c7180000, 0x000000076b500000)
  object space 85504K, 6% used [0x00000006c1e00000,0x00000006c2332f68,0x00000006c7180000)
 Metaspace       used 33161K, capacity 35364K, committed 35416K, reserved 1079296K
  class space    used 4404K, capacity 4814K, committed 4864K, reserved 1048576K
Event: 3.063 GC heap after
Heap after GC invocations=6 (full 1):
 PSYoungGen      total 137728K, used 10729K [0x000000076b500000, 0x0000000779000000, 0x00000007c0000000)
  eden space 126976K, 0% used [0x000000076b500000,0x000000076b500000,0x0000000773100000)
  from space 10752K, 99% used [0x0000000773100000,0x0000000773b7a468,0x0000000773b80000)
  to   space 14336K, 0% used [0x0000000778200000,0x0000000778200000,0x0000000779000000)
 ParOldGen       total 85504K, used 7569K [0x00000006c1e00000, 0x00000006c7180000, 0x000000076b500000)
  object space 85504K, 8% used [0x00000006c1e00000,0x00000006c2564628,0x00000006c7180000)
 Metaspace       used 33161K, capacity 35364K, committed 35416K, reserved 1079296K
  class space    used 4404K, capacity 4814K, committed 4864K, reserved 1048576K
}
Event: 3.063 GC heap before
{Heap before GC invocations=7 (full 2):
 PSYoungGen      total 137728K, used 10729K [0x000000076b500000, 0x0000000779000000, 0x00000007c0000000)
  eden space 126976K, 0% used [0x000000076b500000,0x000000076b500000,0x0000000773100000)
  from space 10752K, 99% used [0x0000000773100000,0x0000000773b7a468,0x0000000773b80000)
  to   space 14336K, 0% used [0x0000000778200000,0x0000000778200000,0x0000000779000000)
 ParOldGen       total 85504K, used 7569K [0x00000006c1e00000, 0x00000006c7180000, 0x000000076b500000)
  object space 85504K, 8% used [0x00000006c1e00000,0x00000006c2564628,0x00000006c7180000)
 Metaspace       used 33161K, capacity 35364K, committed 35416K, reserved 1079296K
  class space    used 4404K, capacity 4814K, committed 4864K, reserved 1048576K
Event: 3.111 GC heap after
Heap after GC invocations=7 (full 2):
 PSYoungGen      total 137728K, used 0K [0x000000076b500000, 0x0000000779000000, 0x00000007c0000000)
  eden space 126976K, 0% used [0x000000076b500000,0x000000076b500000,0x0000000773100000)
  from space 10752K, 0% used [0x0000000773100000,0x0000000773100000,0x0000000773b80000)
  to   space 14336K, 0% used [0x0000000778200000,0x0000000778200000,0x0000000779000000)
 ParOldGen       total 133632K, used 17119K [0x00000006c1e00000, 0x00000006ca080000, 0x000000076b500000)
  object space 133632K, 12% used [0x00000006c1e00000,0x00000006c2eb7d10,0x00000006ca080000)
 Metaspace       used 33161K, capacity 35364K, committed 35416K, reserved 1079296K
  class space    used 4404K, capacity 4814K, committed 4864K, reserved 1048576K
}
Event: 3.778 GC heap before
{Heap before GC invocations=8 (full 2):
 PSYoungGen      total 137728K, used 126976K [0x000000076b500000, 0x0000000779000000, 0x00000007c0000000)
  eden space 126976K, 100% used [0x000000076b500000,0x0000000773100000,0x0000000773100000)
  from space 10752K, 0% used [0x0000000773100000,0x0000000773100000,0x0000000773b80000)
  to   space 14336K, 0% used [0x0000000778200000,0x0000000778200000,0x0000000779000000)
 ParOldGen       total 133632K, used 17119K [0x00000006c1e00000, 0x00000006ca080000, 0x000000076b500000)
  object space 133632K, 12% used [0x00000006c1e00000,0x00000006c2eb7d10,0x00000006ca080000)
 Metaspace       used 36717K, capacity 39494K, committed 39808K, reserved 1083392K
  class space    used 4949K, capacity 5435K, committed 5504K, reserved 1048576K
Event: 3.787 GC heap after
Heap after GC invocations=8 (full 2):
 PSYoungGen      total 204800K, used 8857K [0x000000076b500000, 0x0000000778c80000, 0x00000007c0000000)
  eden space 194048K, 0% used [0x000000076b500000,0x000000076b500000,0x0000000777280000)
  from space 10752K, 82% used [0x0000000778200000,0x0000000778aa6430,0x0000000778c80000)
  to   space 13312K, 0% used [0x0000000777280000,0x0000000777280000,0x0000000777f80000)
 ParOldGen       total 133632K, used 17127K [0x00000006c1e00000, 0x00000006ca080000, 0x000000076b500000)
  object space 133632K, 12% used [0x00000006c1e00000,0x00000006c2eb9d10,0x00000006ca080000)
 Metaspace       used 36717K, capacity 39494K, committed 39808K, reserved 1083392K
  class space    used 4949K, capacity 5435K, committed 5504K, reserved 1048576K
}

Deoptimization events (10 events):
Event: 3.799 Thread 0x0000000002cd2000 Uncommon trap: reason=unstable_if action=reinterpret pc=0x00000000038a8d98 method=org.springframework.util.ConcurrentReferenceHashMap$Segment.clear()V @ 7
Event: 3.804 Thread 0x0000000002cd2000 Uncommon trap: reason=class_check action=maybe_recompile pc=0x0000000003b3e060 method=org.springframework.core.ResolvableType.resolveType()Lorg/springframework/core/ResolvableType; @ 45
Event: 3.804 Thread 0x0000000002cd2000 Uncommon trap: reason=class_check action=maybe_recompile pc=0x0000000003b3e060 method=org.springframework.core.ResolvableType.resolveType()Lorg/springframework/core/ResolvableType; @ 45
Event: 3.821 Thread 0x0000000002cd2000 Uncommon trap: reason=unstable_if action=reinterpret pc=0x000000000366ac54 method=java.util.LinkedHashMap.get(Ljava/lang/Object;)Ljava/lang/Object; @ 20
Event: 3.852 Thread 0x0000000002cd2000 Uncommon trap: reason=predicate action=maybe_recompile pc=0x00000000033a797c method=java.lang.String.regionMatches(ZILjava/lang/String;II)Z @ 63
Event: 4.026 Thread 0x0000000002cd2000 Uncommon trap: reason=unstable_if action=reinterpret pc=0x00000000030d69d8 method=sun.nio.cs.UTF_8$Encoder.encode([CII[B)I @ 33
Event: 4.065 Thread 0x0000000002cd2000 Uncommon trap: reason=unstable_if action=reinterpret pc=0x000000000360fa10 method=java.util.HashMap.putVal(ILjava/lang/Object;Ljava/lang/Object;ZZ)Ljava/lang/Object; @ 162
Event: 4.066 Thread 0x0000000002cd2000 Uncommon trap: reason=unstable_if action=reinterpret pc=0x0000000003bd5ef8 method=java.util.HashMap.putVal(ILjava/lang/Object;Ljava/lang/Object;ZZ)Ljava/lang/Object; @ 162
Event: 4.067 Thread 0x0000000002cd2000 Uncommon trap: reason=unstable_if action=reinterpret pc=0x0000000003513764 method=java.util.HashMap.resize()[Ljava/util/HashMap$Node; @ 206
Event: 4.076 Thread 0x0000000002cd2000 Uncommon trap: reason=unstable_if action=reinterpret pc=0x00000000039c01c4 method=java.lang.Class$MethodArray.addIfNotPresent(Ljava/lang/reflect/Method;)V @ 19

Classes redefined (0 events):
No events

Internal exceptions (10 events):
Event: 3.769 Thread 0x0000000002cd2000 Exception <a 'java/lang/ClassNotFoundException': org/springframework/web/context/ServletContextAwareCustomizer> (0x0000000773001f78) thrown at [C:\jenkins\workspace\8-2-build-windows-amd64-cygwin\jdk8u251\737\hotspot\src\share\vm\classfile\systemDictionar
Event: 3.770 Thread 0x0000000002cd2000 Exception <a 'java/lang/ClassNotFoundException': org/springframework/beans/factory/AwareCustomizer> (0x000000077301c108) thrown at [C:\jenkins\workspace\8-2-build-windows-amd64-cygwin\jdk8u251\737\hotspot\src\share\vm\classfile\systemDictionary.cpp, line 
Event: 3.770 Thread 0x0000000002cd2000 Exception <a 'java/lang/ClassNotFoundException': org/springframework/beans/factory/InitializingBeanCustomizer> (0x0000000773038d58) thrown at [C:\jenkins\workspace\8-2-build-windows-amd64-cygwin\jdk8u251\737\hotspot\src\share\vm\classfile\systemDictionary
Event: 3.771 Thread 0x0000000002cd2000 Exception <a 'java/lang/ClassNotFoundException': org/springframework/beans/factory/DisposableBeanCustomizer> (0x0000000773054eb8) thrown at [C:\jenkins\workspace\8-2-build-windows-amd64-cygwin\jdk8u251\737\hotspot\src\share\vm\classfile\systemDictionary.c
Event: 3.773 Thread 0x0000000002cd2000 Exception <a 'java/lang/ClassNotFoundException': java/lang/ObjectCustomizer> (0x000000077307e358) thrown at [C:\jenkins\workspace\8-2-build-windows-amd64-cygwin\jdk8u251\737\hotspot\src\share\vm\classfile\systemDictionary.cpp, line 210]
Event: 3.774 Thread 0x0000000002cd2000 Exception <a 'java/lang/ClassNotFoundException': org/springframework/web/multipart/support/StandardServletMultipartResolverCustomizer> (0x00000007730a6180) thrown at [C:\jenkins\workspace\8-2-build-windows-amd64-cygwin\jdk8u251\737\hotspot\src\share\vm\cl
Event: 3.774 Thread 0x0000000002cd2000 Exception <a 'java/lang/ClassNotFoundException': org/springframework/web/multipart/MultipartResolverCustomizer> (0x00000007730c8158) thrown at [C:\jenkins\workspace\8-2-build-windows-amd64-cygwin\jdk8u251\737\hotspot\src\share\vm\classfile\systemDictionar
Event: 3.822 Thread 0x0000000002cd2000 Exception <a 'java/lang/ClassNotFoundException': java/lang/ObjectCustomizer> (0x000000076b799ba0) thrown at [C:\jenkins\workspace\8-2-build-windows-amd64-cygwin\jdk8u251\737\hotspot\src\share\vm\classfile\systemDictionary.cpp, line 210]
Event: 3.822 Thread 0x0000000002cd2000 Exception <a 'java/lang/ClassNotFoundException': top/qiudb/SpringbootRedisApplicationTestsCustomizer> (0x000000076b7b78a0) thrown at [C:\jenkins\workspace\8-2-build-windows-amd64-cygwin\jdk8u251\737\hotspot\src\share\vm\classfile\systemDictionary.cpp, lin
Event: 3.862 Thread 0x0000000002cd2000 Exception <a 'java/lang/ClassNotFoundException': java/lang/Module> (0x000000076bca9ca8) thrown at [C:\jenkins\workspace\8-2-build-windows-amd64-cygwin\jdk8u251\737\hotspot\src\share\vm\classfile\systemDictionary.cpp, line 210]

Events (10 events):
Event: 4.145 loading class sun/nio/ch/ServerSocketAdaptor
Event: 4.145 loading class java/net/ServerSocket
Event: 4.145 loading class java/net/ServerSocket done
Event: 4.145 loading class sun/nio/ch/ServerSocketAdaptor done
Event: 4.145 loading class java/net/StandardProtocolFamily
Event: 4.145 loading class java/net/StandardProtocolFamily done
Event: 4.146 loading class java/nio/channels/SocketChannel
Event: 4.146 loading class java/nio/channels/SocketChannel done
Event: 4.146 loading class sun/nio/ch/SocketChannelImpl
Event: 4.146 loading class sun/nio/ch/SocketChannelImpl done


Dynamic libraries:
0x00007ff6320a0000 - 0x00007ff6320d7000 	C:\Program Files (x86)\Java\jdk1.8.0_251\bin\java.exe
0x00007ffa33230000 - 0x00007ffa33425000 	C:\WINDOWS\SYSTEM32\ntdll.dll
0x00007ffa33130000 - 0x00007ffa331ed000 	C:\WINDOWS\System32\KERNEL32.DLL
0x00007ffa30cb0000 - 0x00007ffa30f79000 	C:\WINDOWS\System32\KERNELBASE.dll
0x00007ffa2de50000 - 0x00007ffa2dee0000 	C:\WINDOWS\SYSTEM32\apphelp.dll
0x00007ffa32f20000 - 0x00007ffa32fcc000 	C:\WINDOWS\System32\ADVAPI32.dll
0x00007ffa31620000 - 0x00007ffa316be000 	C:\WINDOWS\System32\msvcrt.dll
0x00007ffa32e80000 - 0x00007ffa32f1b000 	C:\WINDOWS\System32\sechost.dll
0x00007ffa33000000 - 0x00007ffa3312a000 	C:\WINDOWS\System32\RPCRT4.dll
0x00007ffa31fe0000 - 0x00007ffa32180000 	C:\WINDOWS\System32\USER32.dll
0x00007ffa30a50000 - 0x00007ffa30a72000 	C:\WINDOWS\System32\win32u.dll
0x00007ffa32fd0000 - 0x00007ffa32ffa000 	C:\WINDOWS\System32\GDI32.dll
0x00007ffa310e0000 - 0x00007ffa311eb000 	C:\WINDOWS\System32\gdi32full.dll
0x00007ffa311f0000 - 0x00007ffa3128d000 	C:\WINDOWS\System32\msvcp_win.dll
0x00007ffa30b80000 - 0x00007ffa30c80000 	C:\WINDOWS\System32\ucrtbase.dll
0x00007ffa1ca90000 - 0x00007ffa1cd2a000 	C:\WINDOWS\WinSxS\amd64_microsoft.windows.common-controls_6595b64144ccf1df_6.0.19041.1110_none_60b5254171f9507e\COMCTL32.dll
0x00007ffa31340000 - 0x00007ffa31370000 	C:\WINDOWS\System32\IMM32.DLL
0x0000000057650000 - 0x0000000057722000 	C:\Program Files (x86)\Java\jdk1.8.0_251\jre\bin\msvcr100.dll
0x0000000056900000 - 0x00000000571ab000 	C:\Program Files (x86)\Java\jdk1.8.0_251\jre\bin\server\jvm.dll
0x00007ffa316c0000 - 0x00007ffa316c8000 	C:\WINDOWS\System32\PSAPI.DLL
0x00007ffa21660000 - 0x00007ffa2166a000 	C:\WINDOWS\SYSTEM32\VERSION.dll
0x00007ffa1e0c0000 - 0x00007ffa1e0e7000 	C:\WINDOWS\SYSTEM32\WINMM.dll
0x00007ffa0b470000 - 0x00007ffa0b479000 	C:\WINDOWS\SYSTEM32\WSOCK32.dll
0x00007ffa316f0000 - 0x00007ffa3175b000 	C:\WINDOWS\System32\WS2_32.dll
0x00007ffa2e950000 - 0x00007ffa2e95f000 	C:\Program Files (x86)\Java\jdk1.8.0_251\jre\bin\verify.dll
0x00007ffa2bf20000 - 0x00007ffa2bf49000 	C:\Program Files (x86)\Java\jdk1.8.0_251\jre\bin\java.dll
0x00007ffa2e890000 - 0x00007ffa2e8b3000 	C:\Program Files (x86)\Java\jdk1.8.0_251\jre\bin\instrument.dll
0x00007ffa2be30000 - 0x00007ffa2be46000 	C:\Program Files (x86)\Java\jdk1.8.0_251\jre\bin\zip.dll
0x00007ffa318a0000 - 0x00007ffa31fdf000 	C:\WINDOWS\System32\SHELL32.dll
0x00007ffa2ea50000 - 0x00007ffa2f1e0000 	C:\WINDOWS\SYSTEM32\windows.storage.dll
0x00007ffa32840000 - 0x00007ffa32b95000 	C:\WINDOWS\System32\combase.dll
0x00007ffa303c0000 - 0x00007ffa303ec000 	C:\WINDOWS\SYSTEM32\Wldp.dll
0x00007ffa31290000 - 0x00007ffa3133e000 	C:\WINDOWS\System32\SHCORE.dll
0x00007ffa31840000 - 0x00007ffa31895000 	C:\WINDOWS\System32\shlwapi.dll
0x00007ffa308a0000 - 0x00007ffa308bf000 	C:\WINDOWS\SYSTEM32\profapi.dll
0x00007ffa12e10000 - 0x00007ffa12e2a000 	D:\Program Files\JetBrains\IntelliJ IDEA 2019.3.3\bin\breakgen64.dll
0x00007ffa2be10000 - 0x00007ffa2be2a000 	C:\Program Files (x86)\Java\jdk1.8.0_251\jre\bin\net.dll
0x00007ffa30120000 - 0x00007ffa3018a000 	C:\WINDOWS\system32\mswsock.dll
0x00007ffa21980000 - 0x00007ffa21992000 	C:\Program Files (x86)\Java\jdk1.8.0_251\jre\bin\nio.dll
0x00007ffa2bf10000 - 0x00007ffa2bf1d000 	C:\Program Files (x86)\Java\jdk1.8.0_251\jre\bin\management.dll
0x00007ffa0cd90000 - 0x00007ffa0cda7000 	C:\WINDOWS\system32\napinsp.dll
0x00007ffa0caf0000 - 0x00007ffa0cb0b000 	C:\WINDOWS\system32\pnrpnsp.dll
0x00007ffa2af90000 - 0x00007ffa2afa5000 	C:\WINDOWS\system32\wshbth.dll
0x00007ffa2bc60000 - 0x00007ffa2bc7d000 	C:\WINDOWS\system32\NLAapi.dll
0x00007ffa2fdc0000 - 0x00007ffa2fdfb000 	C:\WINDOWS\SYSTEM32\IPHLPAPI.DLL
0x00007ffa2fe10000 - 0x00007ffa2fedc000 	C:\WINDOWS\SYSTEM32\DNSAPI.dll
0x00007ffa31450000 - 0x00007ffa31458000 	C:\WINDOWS\System32\NSI.dll
0x00007ffa02be0000 - 0x00007ffa02bf2000 	C:\WINDOWS\System32\winrnr.dll
0x00007ffa27240000 - 0x00007ffa2724a000 	C:\Windows\System32\rasadhlp.dll
0x00007ffa214b0000 - 0x00007ffa2152f000 	C:\WINDOWS\System32\fwpuclnt.dll
0x00007ffa30c80000 - 0x00007ffa30ca7000 	C:\WINDOWS\System32\bcrypt.dll
0x0000000180000000 - 0x0000000180285000 	D:\Program Files\Environment\Tomcat\apache-tomcat-9.0.35\bin\tcnative-1.dll
0x00007ffa30f80000 - 0x00007ffa310df000 	C:\WINDOWS\System32\CRYPT32.dll
0x00007ffa30320000 - 0x00007ffa30338000 	C:\WINDOWS\SYSTEM32\CRYPTSP.dll
0x00007ffa2fa30000 - 0x00007ffa2fa64000 	C:\WINDOWS\system32\rsaenh.dll
0x00007ffa30860000 - 0x00007ffa3088e000 	C:\WINDOWS\SYSTEM32\USERENV.dll

VM Arguments:
jvm_args: -ea -Didea.test.cyclic.buffer.size=1048576 -javaagent:D:\Program Files\JetBrains\IntelliJ IDEA 2019.3.3\lib\idea_rt.jar=49674:D:\Program Files\JetBrains\IntelliJ IDEA 2019.3.3\bin -Dfile.encoding=UTF-8 
java_command: com.intellij.rt.junit.JUnitStarter -ideVersion5 -junit5 top.qiudb.SpringbootRedisApplicationTests,test
java_class_path (initial): D:\Program Files\JetBrains\IntelliJ IDEA 2019.3.3\lib\idea_rt.jar;D:\Program Files\Environment\Maven\apache-maven-3.6.3\maven-repo\org\junit\platform\junit-platform-launcher\1.6.3\junit-platform-launcher-1.6.3.jar;D:\Program Files\JetBrains\IntelliJ IDEA 2019.3.3\plugins\junit\lib\junit5-rt.jar;D:\Program Files\JetBrains\IntelliJ IDEA 2019.3.3\plugins\junit\lib\junit-rt.jar;C:\Program Files (x86)\Java\jdk1.8.0_251\jre\lib\charsets.jar;C:\Program Files (x86)\Java\jdk1.8.0_251\jre\lib\deploy.jar;C:\Program Files (x86)\Java\jdk1.8.0_251\jre\lib\ext\access-bridge-64.jar;C:\Program Files (x86)\Java\jdk1.8.0_251\jre\lib\ext\cldrdata.jar;C:\Program Files (x86)\Java\jdk1.8.0_251\jre\lib\ext\dnsns.jar;C:\Program Files (x86)\Java\jdk1.8.0_251\jre\lib\ext\jaccess.jar;C:\Program Files (x86)\Java\jdk1.8.0_251\jre\lib\ext\jfxrt.jar;C:\Program Files (x86)\Java\jdk1.8.0_251\jre\lib\ext\localedata.jar;C:\Program Files (x86)\Java\jdk1.8.0_251\jre\lib\ext\nashorn.jar;C:\Program Files (x86)\Java\jdk1.8.0_251\jre\lib\ext\sunec.jar;C:\Program Files (x86)\Java\jdk1.8.0_251\jre\lib\ext\sunjce_provider.jar;C:\Program Files (x86)\Java\jdk1.8.0_251\jre\lib\ext\sunmscapi.jar;C:\Program Files (x86)\Java\jdk1.8.0_251\jre\lib\ext\sunpkcs11.jar;C:\Program Files (x86)\Java\jdk1.8.0_251\jre\lib\ext\zipfs.jar;C:\Program Files (x86)\Java\jdk1.8.0_251\jre\lib\javaws.jar;C:\Program Files (x86)\Java\jdk1.8.0_251\jre\lib\jce.jar;C:\Program Files (x86)\Java\jdk1.8.0_251\jre\lib\jfr.jar;C:\Program Files (x86)\Java\jdk1.8.0_251\jre\lib\jfxswt.jar;C:\Program Files (x86)\Java\jdk1.8.0_251\jre\lib\jsp-api.jar;C:\Program Files (x86)\Java\jdk1.8.0_251\jre\lib\jsse.jar;C:\Program Files (x86)\Java\jdk1.8.0_251\jre\lib\management-agent.jar;C:\Program Files (x86)\Java\jdk1.8.0_251\jre\lib\plugin.jar;C:\Program Files (x86)\Java\jdk1.8.0_251\jre\lib\resources.jar;C:\Program Files (x86)\Java\jdk1.8.0_251\jre\lib\rt.jar;C:\Program Files (x86)\Java\jdk1.8.0_251\jre\lib\servlet-api.jar;F:\Templ
Launcher Type: SUN_STANDARD

Environment Variables:
JAVA_HOME=C:\Program Files (x86)\Java\jdk1.8.0_251
PATH=D:\Oracle\product\11.2.0\dbhome_1\bin;C:;Program Files (x86)\Common Files\Oracle\Java\javapath;D:\Programs\Python\Python38\Scripts\;D:\Programs\Python\Python38\;C:\Program Files (x86)\Common Files\Intel\Shared Libraries\redist\intel64\compiler;C:\WINDOWS\system32;C:\WINDOWS;C:\WINDOWS\System32\Wbem;C:\WINDOWS\System32\WindowsPowerShell\v1.0\;C:\WINDOWS\System32\OpenSSH\;C:\Program Files\Microsoft SQL Server\130\Tools\Binn\;C:\Program Files\Microsoft SQL Server\110\Tools\Binn\;C:\Program Files\dotnet\;D:\Program Files\HuGo\bin;C:\Program Files (x86)\Java\jdk1.8.0_251\bin;C:\Program Files (x86)\Java\jdk1.8.0_251\jre\bin;D:\Program Files\Environment\Tomcat\apache-tomcat-9.0.35\bin;D:\Program Files\Environment\Maven\apache-maven-3.6.3\bin;D:\Program Files\Environment\MySQL\bin;D:\Program Files\Environment\Go\bin;D:\Program Files (x86)\NetSarang\;C:\Program Files (x86)\dotnet\;D:\Programs\Python\Python38\Scripts;D:\Program Files\Environment\nodejs\;D:\Program Files\Git\cmd;C:\Users\马英发\AppData\Local\Microsoft\WindowsApps;D:\Program Files\JetBrains\PyCharm 2021.1.1\bin;D:\Program Files\JetBrains\IntelliJ IDEA 2019.3.3\bin;C:\Users\马英发\AppData\Local\Pandoc\;C:\Program Files (x86)\MySQL\MySQL Server 5.0\bin;C:\Users\马英发\go\bin;D:\Program Files\Environment\nodejs\node_global\;D:\Program Files\JetBrains\WebStorm 2021.1.2\bin;D:\Program Files\Microsoft VS Code\bin;C:\Users\马英发\AppData\Roaming\npm;D:\Program Files\JetBrains\PhpStorm 2021.2.1\bin
USERNAME=M
OS=Windows_NT
PROCESSOR_IDENTIFIER=Intel64 Family 6 Model 158 Stepping 10, GenuineIntel



---------------  S Y S T E M  ---------------

OS: Windows 10.0 , 64 bit Build 19041 (10.0.19041.1151)

CPU:total 8 (initial active 8) (4 cores per cpu, 2 threads per core) family 6 model 158 stepping 10, cmov, cx8, fxsr, mmx, sse, sse2, sse3, ssse3, sse4.1, sse4.2, popcnt, avx, avx2, aes, clmul, erms, 3dnowpref, lzcnt, ht, tsc, tscinvbit, bmi1, bmi2, adx

Memory: 4k page, physical 16648500k(2195988k free), swap 33167668k(5880k free)

vm_info: Java HotSpot(TM) 64-Bit Server VM (25.251-b08) for windows-amd64 JRE (1.8.0_251-b08), built on Mar 12 2020 06:31:49 by "" with MS VC++ 10.0 (VS2010)

time: Mon Sep 06 21:35:52 2021
timezone: 中国标准时间
elapsed time: 4 seconds (0d 0h 0m 4s)

